
[20:44:24.341] [DEBUG] Got keys from plugin meta data ("webgl")
[20:44:24.355] [DEBUG] QFactoryLoader::QFactoryLoader() looking at "D:/qt/5.12.4/msvc2017/plugins/platforms/qwindows.dll"
[20:44:24.370] [WARN ] Found metadata in lib D:/qt/5.12.4/msvc2017/plugins/platforms/qwindows.dll, metadata=
{
    "IID": "org.qt-project.Qt.QPA.QPlatformIntegrationFactoryInterface.5.3",
    "MetaData": {
        "Keys": [
            "windows"
        ]
    },
    "archreq": 0,
    "className": "QWindowsIntegrationPlugin",
    "debug": false,
    "version": 330752
}


[20:44:24.383] [DEBUG] "The plugin 'D:/qt/5.12.4/msvc2017/plugins/platforms/qwindows.dll' uses incompatible Qt library. (Cannot mix debug and release libraries.)" 
         not a plugin
[20:44:24.397] [DEBUG] QFactoryLoader::QFactoryLoader() looking at "D:/qt/5.12.4/msvc2017/plugins/platforms/qwindowsd.dll"
[20:44:24.412] [WARN ] Found metadata in lib D:/qt/5.12.4/msvc2017/plugins/platforms/qwindowsd.dll, metadata=
{
    "IID": "org.qt-project.Qt.QPA.QPlatformIntegrationFactoryInterface.5.3",
    "MetaData": {
        "Keys": [
            "windows"
        ]
    },
    "archreq": 1,
    "className": "QWindowsIntegrationPlugin",
    "debug": true,
    "version": 330752
}


[20:44:24.427] [DEBUG] Got keys from plugin meta data ("windows")
[20:44:24.441] [DEBUG] QFactoryLoader::QFactoryLoader() checking directory path "D:/dev/odriveCar/debug" ...
[20:44:24.458] [DEBUG] QFactoryLoader::QFactoryLoader() looking at "D:/dev/odriveCar/debug/D3Dcompiler_47.dll"
[20:44:24.487] [DEBUG] "Failed to extract plugin meta data from 'D:/dev/odriveCar/debug/D3Dcompiler_47.dll'" 
         not a plugin
[20:44:24.489] [DEBUG] QFactoryLoader::QFactoryLoader() looking at "D:/dev/odriveCar/debug/libEGLd.dll"
[20:44:24.505] [DEBUG] "Failed to extract plugin meta data from 'D:/dev/odriveCar/debug/libEGLd.dll'" 
         not a plugin
[20:44:24.521] [DEBUG] QFactoryLoader::QFactoryLoader() looking at "D:/dev/odriveCar/debug/libGLESV2d.dll"
[20:44:24.600] [DEBUG] "Failed to extract plugin meta data from 'D:/dev/odriveCar/debug/libGLESV2d.dll'" 
         not a plugin
[20:44:24.602] [DEBUG] QFactoryLoader::QFactoryLoader() looking at "D:/dev/odriveCar/debug/opengl32sw.dll"
[20:44:24.684] [DEBUG] "Failed to extract plugin meta data from 'D:/dev/odriveCar/debug/opengl32sw.dll'" 
         not a plugin
[20:44:24.686] [DEBUG] QFactoryLoader::QFactoryLoader() looking at "D:/dev/odriveCar/debug/Qt5Cored.dll"
[20:44:24.748] [DEBUG] "Failed to extract plugin meta data from 'D:/dev/odriveCar/debug/Qt5Cored.dll'" 
         not a plugin
[20:44:24.750] [DEBUG] QFactoryLoader::QFactoryLoader() looking at "D:/dev/odriveCar/debug/Qt5Guid.dll"
[20:44:24.812] [DEBUG] "Failed to extract plugin meta data from 'D:/dev/odriveCar/debug/Qt5Guid.dll'" 
         not a plugin
[20:44:24.816] [DEBUG] QFactoryLoader::QFactoryLoader() looking at "D:/dev/odriveCar/debug/Qt5Networkd.dll"
[20:44:24.844] [DEBUG] "Failed to extract plugin meta data from 'D:/dev/odriveCar/debug/Qt5Networkd.dll'" 
         not a plugin
[20:44:24.847] [DEBUG] QFactoryLoader::QFactoryLoader() looking at "D:/dev/odriveCar/debug/Qt5SerialBusd.dll"
[20:44:24.865] [DEBUG] "Failed to extract plugin meta data from 'D:/dev/odriveCar/debug/Qt5SerialBusd.dll'" 
         not a plugin
[20:44:24.878] [DEBUG] QFactoryLoader::QFactoryLoader() looking at "D:/dev/odriveCar/debug/Qt5SerialPortd.dll"
[20:44:24.894] [DEBUG] "Failed to extract plugin meta data from 'D:/dev/odriveCar/debug/Qt5SerialPortd.dll'" 
         not a plugin
[20:44:24.909] [DEBUG] QFactoryLoader::QFactoryLoader() looking at "D:/dev/odriveCar/debug/Qt5Svgd.dll"
[20:44:24.927] [DEBUG] "Failed to extract plugin meta data from 'D:/dev/odriveCar/debug/Qt5Svgd.dll'" 
         not a plugin
[20:44:24.940] [DEBUG] QFactoryLoader::QFactoryLoader() looking at "D:/dev/odriveCar/debug/Qt5Widgetsd.dll"
[20:44:24.992] [DEBUG] "Failed to extract plugin meta data from 'D:/dev/odriveCar/debug/Qt5Widgetsd.dll'" 
         not a plugin
[20:44:24.994] [DEBUG] QFactoryLoader::QFactoryLoader() checking directory path "D:/qt/5.12.4/msvc2017/plugins/platforms/platforms" ...
[20:44:25.011] [DEBUG] QFactoryLoader::QFactoryLoader() checking directory path "D:/dev/odriveCar/debug/platforms" ...
[20:44:25.027] [DEBUG] QFactoryLoader::QFactoryLoader() looking at "D:/dev/odriveCar/debug/platforms/qwindowsd.dll"
[20:44:25.041] [WARN ] Found metadata in lib D:/dev/odriveCar/debug/platforms/qwindowsd.dll, metadata=
{
    "IID": "org.qt-project.Qt.QPA.QPlatformIntegrationFactoryInterface.5.3",
    "MetaData": {
        "Keys": [
            "windows"
        ]
    },
    "archreq": 1,
    "className": "QWindowsIntegrationPlugin",
    "debug": true,
    "version": 330752
}


[20:44:25.057] [DEBUG] Got keys from plugin meta data ("windows")
[20:44:25.073] [DEBUG] Cannot load library D:\qt\5.12.4\msvc2017\plugins\platforms\qwindowsd.dll: Unknown error 0x000000c1.
[20:44:25.089] [WARN ] QLibraryPrivate::loadPlugin failed on "D:/qt/5.12.4/msvc2017/plugins/platforms/qwindowsd.dll" : "Cannot load library D:\\qt\\5.12.4\\msvc2017\\plugins\\platforms\\qwindowsd.dll: Unknown error 0x000000c1."
[20:44:25.107] [DEBUG] loaded library "D:/dev/odriveCar/debug/platforms/qwindowsd.dll"
[20:44:25.130] [DEBUG] QFactoryLoader::QFactoryLoader() checking directory path "D:/qt/5.12.4/msvc2017/plugins/platforms" ...
[20:44:25.141] [DEBUG] QFactoryLoader::QFactoryLoader() looking at "D:/qt/5.12.4/msvc2017/plugins/platforms/qdirect2d.dll"
[20:44:25.162] [WARN ] Found metadata in lib D:/qt/5.12.4/msvc2017/plugins/platforms/qdirect2d.dll, metadata=
{
    "IID": "org.qt-project.Qt.QPA.QPlatformIntegrationFactoryInterface.5.3",
    "MetaData": {
        "Keys": [
            "direct2d"
        ]
    },
    "archreq": 0,
    "className": "QWindowsDirect2DIntegrationPlugin",
    "debug": false,
    "version": 330752
}


[20:44:25.178] [DEBUG] "The plugin 'D:/qt/5.12.4/msvc2017/plugins/platforms/qdirect2d.dll' uses incompatible Qt library. (Cannot mix debug and release libraries.)" 
         not a plugin
[20:44:25.195] [DEBUG] QFactoryLoader::QFactoryLoader() looking at "D:/qt/5.12.4/msvc2017/plugins/platforms/qdirect2dd.dll"
[20:44:25.209] [DEBUG] Got keys from plugin meta data ()
[20:44:25.226] [DEBUG] QFactoryLoader::QFactoryLoader() looking at "D:/qt/5.12.4/msvc2017/plugins/platforms/qminimal.dll"
[20:44:25.241] [WARN ] Found metadata in lib D:/qt/5.12.4/msvc2017/plugins/platforms/qminimal.dll, metadata=
{
    "IID": "org.qt-project.Qt.QPA.QPlatformIntegrationFactoryInterface.5.3",
    "MetaData": {
        "Keys": [
            "minimal"
        ]
    },
    "archreq": 0,
    "className": "QMinimalIntegrationPlugin",
    "debug": false,
    "version": 330752
}


[20:44:25.256] [DEBUG] "The plugin 'D:/qt/5.12.4/msvc2017/plugins/platforms/qminimal.dll' uses incompatible Qt library. (Cannot mix debug and release libraries.)" 
         not a plugin
[20:44:25.270] [DEBUG] QFactoryLoader::QFactoryLoader() looking at "D:/qt/5.12.4/msvc2017/plugins/platforms/qminimald.dll"
[20:44:25.285] [DEBUG] Got keys from plugin meta data ()
[20:44:25.300] [DEBUG] QFactoryLoader::QFactoryLoader() looking at "D:/qt/5.12.4/msvc2017/plugins/platforms/qoffscreen.dll"
[20:44:25.316] [WARN ] Found metadata in lib D:/qt/5.12.4/msvc2017/plugins/platforms/qoffscreen.dll, metadata=
{
    "IID": "org.qt-project.Qt.QPA.QPlatformIntegrationFactoryInterface.5.3",
    "MetaData": {
        "Keys": [
            "offscreen"
        ]
    },
    "archreq": 0,
    "className": "QOffscreenIntegrationPlugin",
    "debug": false,
    "version": 330752
}


[20:44:25.331] [DEBUG] "The plugin 'D:/qt/5.12.4/msvc2017/plugins/platforms/qoffscreen.dll' uses incompatible Qt library. (Cannot mix debug and release libraries.)" 
         not a plugin
[20:44:25.348] [DEBUG] QFactoryLoader::QFactoryLoader() looking at "D:/qt/5.12.4/msvc2017/plugins/platforms/qoffscreend.dll"
[20:44:25.364] [DEBUG] Got keys from plugin meta data ()
[20:44:25.381] [DEBUG] QFactoryLoader::QFactoryLoader() looking at "D:/qt/5.12.4/msvc2017/plugins/platforms/qwebgl.dll"
[20:44:25.397] [WARN ] Found metadata in lib D:/qt/5.12.4/msvc2017/plugins/platforms/qwebgl.dll, metadata=
{
    "IID": "org.qt-project.Qt.QPA.QPlatformIntegrationFactoryInterface.5.3",
    "MetaData": {
        "Keys": [
            "webgl"
        ]
    },
    "archreq": 0,
    "className": "QWebGLIntegrationPlugin",
    "debug": false,
    "version": 330752
}


[20:44:25.411] [DEBUG] "The plugin 'D:/qt/5.12.4/msvc2017/plugins/platforms/qwebgl.dll' uses incompatible Qt library. (Cannot mix debug and release libraries.)" 
         not a plugin
[20:44:25.426] [DEBUG] QFactoryLoader::QFactoryLoader() looking at "D:/qt/5.12.4/msvc2017/plugins/platforms/qwebgld.dll"
[20:44:25.442] [DEBUG] Got keys from plugin meta data ()
[20:44:25.459] [DEBUG] QFactoryLoader::QFactoryLoader() looking at "D:/qt/5.12.4/msvc2017/plugins/platforms/qwindows.dll"
[20:44:25.473] [WARN ] Found metadata in lib D:/qt/5.12.4/msvc2017/plugins/platforms/qwindows.dll, metadata=
{
    "IID": "org.qt-project.Qt.QPA.QPlatformIntegrationFactoryInterface.5.3",
    "MetaData": {
        "Keys": [
            "windows"
        ]
    },
    "archreq": 0,
    "className": "QWindowsIntegrationPlugin",
    "debug": false,
    "version": 330752
}


[20:44:25.488] [DEBUG] "The plugin 'D:/qt/5.12.4/msvc2017/plugins/platforms/qwindows.dll' uses incompatible Qt library. (Cannot mix debug and release libraries.)" 
         not a plugin
[20:44:25.502] [DEBUG] QFactoryLoader::QFactoryLoader() looking at "D:/qt/5.12.4/msvc2017/plugins/platforms/qwindowsd.dll"
[20:44:25.518] [DEBUG] "Cannot load library D:\\qt\\5.12.4\\msvc2017\\plugins\\platforms\\qwindowsd.dll: Unknown error 0x000000c1." 
         not a plugin
[20:44:25.531] [DEBUG] QFactoryLoader::QFactoryLoader() checking directory path "D:/dev/odriveCar/debug" ...
[20:44:25.547] [DEBUG] QFactoryLoader::QFactoryLoader() looking at "D:/dev/odriveCar/debug/D3Dcompiler_47.dll"
[20:44:25.575] [DEBUG] "Failed to extract plugin meta data from 'D:/dev/odriveCar/debug/D3Dcompiler_47.dll'" 
         not a plugin
[20:44:25.577] [DEBUG] QFactoryLoader::QFactoryLoader() looking at "D:/dev/odriveCar/debug/libEGLd.dll"
[20:44:25.596] [DEBUG] "Failed to extract plugin meta data from 'D:/dev/odriveCar/debug/libEGLd.dll'" 
         not a plugin
[20:44:25.611] [DEBUG] QFactoryLoader::QFactoryLoader() looking at "D:/dev/odriveCar/debug/libGLESV2d.dll"
[20:44:25.686] [DEBUG] "Failed to extract plugin meta data from 'D:/dev/odriveCar/debug/libGLESV2d.dll'" 
         not a plugin
[20:44:25.688] [DEBUG] QFactoryLoader::QFactoryLoader() looking at "D:/dev/odriveCar/debug/opengl32sw.dll"
[20:44:25.770] [DEBUG] "Failed to extract plugin meta data from 'D:/dev/odriveCar/debug/opengl32sw.dll'" 
         not a plugin
[20:44:25.772] [DEBUG] QFactoryLoader::QFactoryLoader() looking at "D:/dev/odriveCar/debug/Qt5Cored.dll"
[20:44:25.831] [DEBUG] "Failed to extract plugin meta data from 'D:/dev/odriveCar/debug/Qt5Cored.dll'" 
         not a plugin
[20:44:25.834] [DEBUG] QFactoryLoader::QFactoryLoader() looking at "D:/dev/odriveCar/debug/Qt5Guid.dll"
[20:44:25.898] [DEBUG] "Failed to extract plugin meta data from 'D:/dev/odriveCar/debug/Qt5Guid.dll'" 
         not a plugin
[20:44:25.901] [DEBUG] QFactoryLoader::QFactoryLoader() looking at "D:/dev/odriveCar/debug/Qt5Networkd.dll"
[20:44:25.931] [DEBUG] "Failed to extract plugin meta data from 'D:/dev/odriveCar/debug/Qt5Networkd.dll'" 
         not a plugin
[20:44:25.932] [DEBUG] QFactoryLoader::QFactoryLoader() looking at "D:/dev/odriveCar/debug/Qt5SerialBusd.dll"
[20:44:25.949] [DEBUG] "Failed to extract plugin meta data from 'D:/dev/odriveCar/debug/Qt5SerialBusd.dll'" 
         not a plugin
[20:44:25.962] [DEBUG] QFactoryLoader::QFactoryLoader() looking at "D:/dev/odriveCar/debug/Qt5SerialPortd.dll"
[20:44:25.979] [DEBUG] "Failed to extract plugin meta data from 'D:/dev/odriveCar/debug/Qt5SerialPortd.dll'" 
         not a plugin
[20:44:25.990] [DEBUG] QFactoryLoader::QFactoryLoader() looking at "D:/dev/odriveCar/debug/Qt5Svgd.dll"
[20:44:26.007] [DEBUG] "Failed to extract plugin meta data from 'D:/dev/odriveCar/debug/Qt5Svgd.dll'" 
         not a plugin
[20:44:26.018] [DEBUG] QFactoryLoader::QFactoryLoader() looking at "D:/dev/odriveCar/debug/Qt5Widgetsd.dll"
[20:44:26.069] [DEBUG] "Failed to extract plugin meta data from 'D:/dev/odriveCar/debug/Qt5Widgetsd.dll'" 
         not a plugin
[20:44:26.072] [DEBUG] QFactoryLoader::QFactoryLoader() checking directory path "D:/qt/5.12.4/msvc2017/plugins/platforms/platformthemes" ...
[20:44:26.089] [DEBUG] QFactoryLoader::QFactoryLoader() checking directory path "D:/dev/odriveCar/debug/platformthemes" ...
[20:44:26.107] [DEBUG] QFactoryLoader::QFactoryLoader() checking directory path "D:/qt/5.12.4/msvc2017/plugins/platforms/styles" ...
[20:44:26.119] [DEBUG] QFactoryLoader::QFactoryLoader() checking directory path "D:/dev/odriveCar/debug/styles" ...
[20:44:26.134] [DEBUG] QFactoryLoader::QFactoryLoader() looking at "D:/dev/odriveCar/debug/styles/qwindowsvistastyled.dll"
[20:44:26.148] [WARN ] Found metadata in lib D:/dev/odriveCar/debug/styles/qwindowsvistastyled.dll, metadata=
{
    "IID": "org.qt-project.Qt.QStyleFactoryInterface",
    "MetaData": {
        "Keys": [
            "windowsvista"
        ]
    },
    "archreq": 1,
    "className": "QWindowsVistaStylePlugin",
    "debug": true,
    "version": 330752
}


[20:44:26.162] [DEBUG] Got keys from plugin meta data ("windowsvista")
[20:44:26.177] [DEBUG] loaded library "D:/dev/odriveCar/debug/styles/qwindowsvistastyled.dll"
[20:44:26.192] [INFO ] Application dir: D:/dev/odriveCar/debug
[20:44:26.206] [DEBUG] QFactoryLoader::QFactoryLoader() checking directory path "D:/qt/5.12.4/msvc2017/plugins/platforms/canbus" ...
[20:44:26.217] [DEBUG] QFactoryLoader::QFactoryLoader() checking directory path "D:/dev/odriveCar/debug/canbus" ...
[20:44:26.233] [DEBUG] QFactoryLoader::QFactoryLoader() looking at "D:/dev/odriveCar/debug/canbus/qtpassthrucanbusd.dll"
[20:44:26.247] [WARN ] Found metadata in lib D:/dev/odriveCar/debug/canbus/qtpassthrucanbusd.dll, metadata=
{
    "IID": "org.qt-project.Qt.QCanBusFactory",
    "MetaData": {
        "Key": "passthrucan"
    },
    "archreq": 1,
    "className": "PassThruCanBusPlugin",
    "debug": true,
    "version": 330752
}


[20:44:26.263] [DEBUG] Got keys from plugin meta data ()
[20:44:26.277] [DEBUG] QFactoryLoader::QFactoryLoader() looking at "D:/dev/odriveCar/debug/canbus/qtpeakcanbusd.dll"
[20:44:26.293] [WARN ] Found metadata in lib D:/dev/odriveCar/debug/canbus/qtpeakcanbusd.dll, metadata=
{
    "IID": "org.qt-project.Qt.QCanBusFactory",
    "MetaData": {
        "Key": "peakcan"
    },
    "archreq": 1,
    "className": "PeakCanBusPlugin",
    "debug": true,
    "version": 330752
}


[20:44:26.308] [DEBUG] Got keys from plugin meta data ()
[20:44:26.324] [DEBUG] QFactoryLoader::QFactoryLoader() looking at "D:/dev/odriveCar/debug/canbus/qtsysteccanbusd.dll"
[20:44:26.341] [WARN ] Found metadata in lib D:/dev/odriveCar/debug/canbus/qtsysteccanbusd.dll, metadata=
{
    "IID": "org.qt-project.Qt.QCanBusFactory",
    "MetaData": {
        "Key": "systeccan"
    },
    "archreq": 1,
    "className": "SystecCanBusPlugin",
    "debug": true,
    "version": 330752
}


[20:44:26.356] [DEBUG] Got keys from plugin meta data ()
[20:44:26.372] [DEBUG] QFactoryLoader::QFactoryLoader() looking at "D:/dev/odriveCar/debug/canbus/qttinycanbusd.dll"
[20:44:26.388] [WARN ] Found metadata in lib D:/dev/odriveCar/debug/canbus/qttinycanbusd.dll, metadata=
{
    "IID": "org.qt-project.Qt.QCanBusFactory",
    "MetaData": {
        "Key": "tinycan"
    },
    "archreq": 1,
    "className": "TinyCanBusPlugin",
    "debug": true,
    "version": 330752
}


[20:44:26.405] [DEBUG] Got keys from plugin meta data ()
[20:44:26.421] [DEBUG] QFactoryLoader::QFactoryLoader() looking at "D:/dev/odriveCar/debug/canbus/qtvectorcanbusd.dll"
[20:44:26.436] [WARN ] Found metadata in lib D:/dev/odriveCar/debug/canbus/qtvectorcanbusd.dll, metadata=
{
    "IID": "org.qt-project.Qt.QCanBusFactory",
    "MetaData": {
        "Key": "vectorcan"
    },
    "archreq": 1,
    "className": "VectorCanBusPlugin",
    "debug": true,
    "version": 330752
}


[20:44:26.450] [DEBUG] Got keys from plugin meta data ()
[20:44:26.464] [DEBUG] QFactoryLoader::QFactoryLoader() looking at "D:/dev/odriveCar/debug/canbus/qtvirtualcanbusd.dll"
[20:44:26.480] [WARN ] Found metadata in lib D:/dev/odriveCar/debug/canbus/qtvirtualcanbusd.dll, metadata=
{
    "IID": "org.qt-project.Qt.QCanBusFactory",
    "MetaData": {
        "Key": "virtualcan"
    },
    "archreq": 1,
    "className": "VirtualCanBusPlugin",
    "debug": true,
    "version": 330752
}


[20:44:26.497] [DEBUG] Got keys from plugin meta data ()
[20:44:26.513] [INFO ] Qt CAN plugins: passthrucan, peakcan, systeccan, tinycan, vectorcan, virtualcan
[20:44:26.529] [DEBUG] QFactoryLoader::QFactoryLoader() checking directory path "D:/qt/5.12.4/msvc2017/plugins/platforms/iconengines" ...
[20:44:26.543] [DEBUG] QFactoryLoader::QFactoryLoader() checking directory path "D:/dev/odriveCar/debug/iconengines" ...
[20:44:26.558] [DEBUG] QFactoryLoader::QFactoryLoader() looking at "D:/dev/odriveCar/debug/iconengines/qsvgicond.dll"
[20:44:26.573] [WARN ] Found metadata in lib D:/dev/odriveCar/debug/iconengines/qsvgicond.dll, metadata=
{
    "IID": "org.qt-project.Qt.QIconEngineFactoryInterface",
    "MetaData": {
        "Keys": [
            "svg",
            "svgz",
            "svg.gz"
        ]
    },
    "archreq": 1,
    "className": "QSvgIconPlugin",
    "debug": true,
    "version": 330752
}


[20:44:26.588] [DEBUG] Got keys from plugin meta data ("svg", "svgz", "svg.gz")
[20:44:26.844] [DEBUG] QFactoryLoader::QFactoryLoader() checking directory path "D:/qt/5.12.4/msvc2017/plugins/platforms/imageformats" ...
[20:44:26.845] [DEBUG] QFactoryLoader::QFactoryLoader() checking directory path "D:/dev/odriveCar/debug/imageformats" ...
[20:44:26.864] [DEBUG] QFactoryLoader::QFactoryLoader() looking at "D:/dev/odriveCar/debug/imageformats/qgifd.dll"
[20:44:26.881] [WARN ] Found metadata in lib D:/dev/odriveCar/debug/imageformats/qgifd.dll, metadata=
{
    "IID": "org.qt-project.Qt.QImageIOHandlerFactoryInterface",
    "MetaData": {
        "Keys": [
            "gif"
        ],
        "MimeTypes": [
            "image/gif"
        ]
    },
    "archreq": 1,
    "className": "QGifPlugin",
    "debug": true,
    "version": 330752
}


[20:44:26.896] [DEBUG] Got keys from plugin meta data ("gif")
[20:44:26.912] [DEBUG] QFactoryLoader::QFactoryLoader() looking at "D:/dev/odriveCar/debug/imageformats/qicnsd.dll"
[20:44:26.928] [WARN ] Found metadata in lib D:/dev/odriveCar/debug/imageformats/qicnsd.dll, metadata=
{
    "IID": "org.qt-project.Qt.QImageIOHandlerFactoryInterface",
    "MetaData": {
        "Keys": [
            "icns"
        ],
        "MimeTypes": [
            "image/x-icns"
        ]
    },
    "archreq": 1,
    "className": "QICNSPlugin",
    "debug": true,
    "version": 330752
}


[20:44:26.943] [DEBUG] Got keys from plugin meta data ("icns")
[20:44:26.958] [DEBUG] QFactoryLoader::QFactoryLoader() looking at "D:/dev/odriveCar/debug/imageformats/qicod.dll"
[20:44:26.975] [WARN ] Found metadata in lib D:/dev/odriveCar/debug/imageformats/qicod.dll, metadata=
{
    "IID": "org.qt-project.Qt.QImageIOHandlerFactoryInterface",
    "MetaData": {
        "Keys": [
            "ico",
            "cur"
        ],
        "MimeTypes": [
            "image/vnd.microsoft.icon",
            "image/vnd.microsoft.icon"
        ]
    },
    "archreq": 1,
    "className": "QICOPlugin",
    "debug": true,
    "version": 330752
}


[20:44:26.992] [DEBUG] Got keys from plugin meta data ("ico", "cur")
[20:44:27.007] [DEBUG] QFactoryLoader::QFactoryLoader() looking at "D:/dev/odriveCar/debug/imageformats/qjpegd.dll"
[20:44:27.023] [WARN ] Found metadata in lib D:/dev/odriveCar/debug/imageformats/qjpegd.dll, metadata=
{
    "IID": "org.qt-project.Qt.QImageIOHandlerFactoryInterface",
    "MetaData": {
        "Keys": [
            "jpg",
            "jpeg"
        ],
        "MimeTypes": [
            "image/jpeg",
            "image/jpeg"
        ]
    },
    "archreq": 1,
    "className": "QJpegPlugin",
    "debug": true,
    "version": 330752
}


[20:44:27.039] [DEBUG] Got keys from plugin meta data ("jpg", "jpeg")
[20:44:27.055] [DEBUG] QFactoryLoader::QFactoryLoader() looking at "D:/dev/odriveCar/debug/imageformats/qsvgd.dll"
[20:44:27.072] [WARN ] Found metadata in lib D:/dev/odriveCar/debug/imageformats/qsvgd.dll, metadata=
{
    "IID": "org.qt-project.Qt.QImageIOHandlerFactoryInterface",
    "MetaData": {
        "Keys": [
            "svg",
            "svgz"
        ],
        "MimeTypes": [
            "image/svg+xml",
            "image/svg+xml-compressed"
        ]
    },
    "archreq": 1,
    "className": "QSvgPlugin",
    "debug": true,
    "version": 330752
}


[20:44:27.085] [DEBUG] Got keys from plugin meta data ("svg", "svgz")
[20:44:27.096] [DEBUG] QFactoryLoader::QFactoryLoader() looking at "D:/dev/odriveCar/debug/imageformats/qtgad.dll"
[20:44:27.109] [WARN ] Found metadata in lib D:/dev/odriveCar/debug/imageformats/qtgad.dll, metadata=
{
    "IID": "org.qt-project.Qt.QImageIOHandlerFactoryInterface",
    "MetaData": {
        "Keys": [
            "tga"
        ],
        "MimeTypes": [
            "image/x-tga"
        ]
    },
    "archreq": 1,
    "className": "QTgaPlugin",
    "debug": true,
    "version": 330752
}


[20:44:27.122] [DEBUG] Got keys from plugin meta data ("tga")
[20:44:27.137] [DEBUG] QFactoryLoader::QFactoryLoader() looking at "D:/dev/odriveCar/debug/imageformats/qtiffd.dll"
[20:44:27.152] [WARN ] Found metadata in lib D:/dev/odriveCar/debug/imageformats/qtiffd.dll, metadata=
{
    "IID": "org.qt-project.Qt.QImageIOHandlerFactoryInterface",
    "MetaData": {
        "Keys": [
            "tiff",
            "tif"
        ],
        "MimeTypes": [
            "image/tiff",
            "image/tiff"
        ]
    },
    "archreq": 1,
    "className": "QTiffPlugin",
    "debug": true,
    "version": 330752
}


[20:44:27.163] [DEBUG] Got keys from plugin meta data ("tiff", "tif")
[20:44:27.175] [DEBUG] QFactoryLoader::QFactoryLoader() looking at "D:/dev/odriveCar/debug/imageformats/qwbmpd.dll"
[20:44:27.192] [WARN ] Found metadata in lib D:/dev/odriveCar/debug/imageformats/qwbmpd.dll, metadata=
{
    "IID": "org.qt-project.Qt.QImageIOHandlerFactoryInterface",
    "MetaData": {
        "Keys": [
            "wbmp"
        ],
        "MimeTypes": [
            "image/vnd.wap.wbmp"
        ]
    },
    "archreq": 1,
    "className": "QWbmpPlugin",
    "debug": true,
    "version": 330752
}


[20:44:27.209] [DEBUG] Got keys from plugin meta data ("wbmp")
[20:44:27.224] [DEBUG] QFactoryLoader::QFactoryLoader() looking at "D:/dev/odriveCar/debug/imageformats/qwebpd.dll"
[20:44:27.241] [WARN ] Found metadata in lib D:/dev/odriveCar/debug/imageformats/qwebpd.dll, metadata=
{
    "IID": "org.qt-project.Qt.QImageIOHandlerFactoryInterface",
    "MetaData": {
        "Keys": [
            "webp"
        ],
        "MimeTypes": [
            "image/webp"
        ]
    },
    "archreq": 1,
    "className": "QWebpPlugin",
    "debug": true,
    "version": 330752
}


[20:44:27.256] [DEBUG] Got keys from plugin meta data ("webp")
[20:44:27.271] [DEBUG] loaded library "D:/dev/odriveCar/debug/imageformats/qgifd.dll"
[20:44:27.285] [DEBUG] loaded library "D:/dev/odriveCar/debug/imageformats/qicnsd.dll"
[20:44:27.302] [DEBUG] loaded library "D:/dev/odriveCar/debug/imageformats/qicod.dll"
[20:44:27.316] [DEBUG] loaded library "D:/dev/odriveCar/debug/imageformats/qjpegd.dll"
[20:44:27.333] [DEBUG] loaded library "D:/dev/odriveCar/debug/imageformats/qsvgd.dll"
[20:44:27.349] [DEBUG] loaded library "D:/dev/odriveCar/debug/imageformats/qtgad.dll"
[20:44:27.367] [DEBUG] loaded library "D:/dev/odriveCar/debug/imageformats/qtiffd.dll"
[20:44:27.379] [DEBUG] loaded library "D:/dev/odriveCar/debug/imageformats/qwbmpd.dll"
[20:44:27.395] [DEBUG] loaded library "D:/dev/odriveCar/debug/imageformats/qwebpd.dll"
[20:44:27.916] [DEBUG] Cannot load library usbcan64: ŐŇ˛»µ˝Ö¸¶¨µÄÄŁżéˇŁ
[20:44:27.921] [INFO ] Refreshing CAN interfaces. plugin= candle  previousInterface= candle0
[20:44:27.944] [INFO ] Refresh result. plugin= candle  interfaces= candle0  error= 
[20:44:27.954] [DEBUG] QFactoryLoader::QFactoryLoader() checking directory path "D:/qt/5.12.4/msvc2017/plugins/platforms/accessible" ...
[20:44:27.967] [DEBUG] QFactoryLoader::QFactoryLoader() checking directory path "D:/dev/odriveCar/debug/accessible" ...
[20:44:28.144] [DEBUG] QFactoryLoader::QFactoryLoader() checking directory path "D:/qt/5.12.4/msvc2017/plugins/platforms/accessiblebridge" ...
[20:44:28.146] [DEBUG] QFactoryLoader::QFactoryLoader() checking directory path "D:/dev/odriveCar/debug/accessiblebridge" ...
[20:44:29.956] [INFO ] Connect requested. plugin= candle  interface= candle0  bitrate= 250000  nodeId= 1
[20:44:30.119] [INFO ] connectDevice returned true
[20:44:30.125] [INFO ] [20:44:29] candle bridge script: D:/dev/odriveCar/debug/../candle_bridge.py
[20:44:30.131] [INFO ] [20:44:30] CAN Á´Â·ŇŃľÍĐ÷
[20:44:30.140] [INFO ] [20:44:30] candle ready: candle0
[20:44:30.150] [INFO ] [20:44:30] ODrive heartbeat detected from node 16
[20:44:30.165] [INFO ] [20:44:30] ODrive heartbeat detected from node 1
[20:44:35.241] [INFO ] [20:44:35] CANDLE TX Clear_Errors id=0X218 dlc=1 payload=00
[20:44:36.703] [INFO ] [20:44:36] CANDLE TX Set_Axis_State id=0X207 dlc=4 payload=08 00 00 00
[20:44:38.572] [INFO ] [20:44:38] CANDLE TX Set_Controller_Mode id=0X20B dlc=8 payload=03 00 00 00 01 00 00 00
[20:44:38.573] [INFO ] [20:44:38] CANDLE TX Set_Input_Pos id=0X20C dlc=8 payload=00 00 20 41 00 00 00 00
[20:44:40.955] [INFO ] [20:44:40] CANDLE TX Set_Controller_Mode id=0X20B dlc=8 payload=02 00 00 00 01 00 00 00
[20:44:40.957] [INFO ] [20:44:40] CANDLE TX Set_Input_Vel id=0X20D dlc=8 payload=CD CC 4C 3E 00 00 00 00
[20:44:44.520] [INFO ] [20:44:44] CANDLE TX Set_Controller_Mode id=0X20B dlc=8 payload=03 00 00 00 01 00 00 00
[20:44:44.523] [INFO ] [20:44:44] CANDLE TX Set_Input_Pos id=0X20C dlc=8 payload=00 00 20 41 00 00 00 00
[20:44:45.390] [INFO ] [20:44:45] CANDLE TX Set_Controller_Mode id=0X20B dlc=8 payload=03 00 00 00 01 00 00 00
[20:44:45.393] [INFO ] [20:44:45] CANDLE TX Set_Input_Pos id=0X20C dlc=8 payload=00 00 20 41 00 00 00 00
[20:44:46.747] [INFO ] [20:44:46] CANDLE TX Set_Controller_Mode id=0X20B dlc=8 payload=03 00 00 00 01 00 00 00
[20:44:46.749] [INFO ] [20:44:46] CANDLE TX Set_Input_Pos id=0X20C dlc=8 payload=00 00 20 41 00 00 00 00
[20:44:47.381] [INFO ] [20:44:47] CANDLE TX Set_Controller_Mode id=0X20B dlc=8 payload=03 00 00 00 01 00 00 00
[20:44:47.383] [INFO ] [20:44:47] CANDLE TX Set_Input_Pos id=0X20C dlc=8 payload=00 00 20 41 00 00 00 00
[20:44:49.379] [INFO ] [20:44:49] CANDLE TX Set_Controller_Mode id=0X20B dlc=8 payload=01 00 00 00 01 00 00 00
[20:44:49.382] [INFO ] [20:44:49] CANDLE TX Set_Input_Torque id=0X20E dlc=4 payload=CD CC 4C 3E
[20:44:53.251] [INFO ] [20:44:53] CANDLE TX Set_Axis_State id=0X207 dlc=4 payload=01 00 00 00
[20:44:54.755] [INFO ] [20:44:54] CANDLE TX Set_Axis_State id=0X207 dlc=4 payload=08 00 00 00
[20:44:56.308] [INFO ] [20:44:56] CANDLE TX Set_Controller_Mode id=0X20B dlc=8 payload=03 00 00 00 01 00 00 00
[20:44:56.310] [INFO ] [20:44:56] CANDLE TX Set_Input_Pos id=0X20C dlc=8 payload=00 00 20 41 00 00 00 00
[20:45:04.142] [INFO ] [20:45:04] CANDLE TX Estop id=0X202 dlc=0 payload=<empty>
