[15:16:58.916] [WARN ] QLibraryPrivate::unload succeeded on "D:/dev/odriveCar/debug/styles/qwindowsvistastyled.dll" 
[15:16:58.917] [WARN ] QLibraryPrivate::unload succeeded on "D:/dev/odriveCar/debug/imageformats/qgifd.dll" 
[15:16:58.927] [WARN ] QLibraryPrivate::unload succeeded on "D:/dev/odriveCar/debug/imageformats/qicnsd.dll" 
[15:16:58.940] [WARN ] QLibraryPrivate::unload succeeded on "D:/dev/odriveCar/debug/imageformats/qicod.dll" 
[15:16:58.950] [WARN ] QLibraryPrivate::unload succeeded on "D:/dev/odriveCar/debug/imageformats/qjpegd.dll" 
[15:16:58.957] [WARN ] QLibraryPrivate::unload succeeded on "D:/dev/odriveCar/debug/imageformats/qsvgd.dll" 
[15:16:58.966] [WARN ] QLibraryPrivate::unload succeeded on "D:/dev/odriveCar/debug/imageformats/qtgad.dll" 
[15:16:58.976] [WARN ] QLibraryPrivate::unload succeeded on "D:/dev/odriveCar/debug/imageformats/qtiffd.dll" 
[15:16:58.985] [WARN ] QLibraryPrivate::unload succeeded on "D:/dev/odriveCar/debug/imageformats/qwbmpd.dll" 
[15:16:58.996] [WARN ] QLibraryPrivate::unload succeeded on "D:/dev/odriveCar/debug/imageformats/qwebpd.dll" 
[15:16:59.009] [WARN ] QLibraryPrivate::unload succeeded on "D:/dev/odriveCar/debug/platforms/qwindowsd.dll" 
[15:43:04.506] [WARN ] QLibraryPrivate::unload succeeded on "D:/dev/odriveCar/debug/styles/qwindowsvistastyled.dll" 
[15:43:04.507] [WARN ] QLibraryPrivate::unload succeeded on "D:/dev/odriveCar/debug/imageformats/qgifd.dll" 
[15:43:04.520] [WARN ] QLibraryPrivate::unload succeeded on "D:/dev/odriveCar/debug/imageformats/qicnsd.dll" 
[15:43:04.531] [WARN ] QLibraryPrivate::unload succeeded on "D:/dev/odriveCar/debug/imageformats/qicod.dll" 
[15:43:04.544] [WARN ] QLibraryPrivate::unload succeeded on "D:/dev/odriveCar/debug/imageformats/qjpegd.dll" 
[15:43:04.555] [WARN ] QLibraryPrivate::unload succeeded on "D:/dev/odriveCar/debug/imageformats/qsvgd.dll" 
[15:43:04.569] [WARN ] QLibraryPrivate::unload succeeded on "D:/dev/odriveCar/debug/imageformats/qtgad.dll" 
[15:43:04.582] [WARN ] QLibraryPrivate::unload succeeded on "D:/dev/odriveCar/debug/imageformats/qtiffd.dll" 
[15:43:04.595] [WARN ] QLibraryPrivate::unload succeeded on "D:/dev/odriveCar/debug/imageformats/qwbmpd.dll" 
[15:43:04.609] [WARN ] QLibraryPrivate::unload succeeded on "D:/dev/odriveCar/debug/imageformats/qwebpd.dll" 
[15:43:04.622] [WARN ] QLibraryPrivate::unload succeeded on "D:/dev/odriveCar/debug/platforms/qwindowsd.dll" 
[20:09:23.594] [WARN ] QLibraryPrivate::unload succeeded on "D:/dev/odriveCar/debug/canbus/qtpeakcanbusd.dll" 
[20:09:23.596] [WARN ] QLibraryPrivate::unload succeeded on "D:/dev/odriveCar/debug/styles/qwindowsvistastyled.dll" 
[20:09:23.606] [WARN ] QLibraryPrivate::unload succeeded on "D:/dev/odriveCar/debug/imageformats/qgifd.dll" 
[20:09:23.619] [WARN ] QLibraryPrivate::unload succeeded on "D:/dev/odriveCar/debug/imageformats/qicnsd.dll" 
[20:09:23.632] [WARN ] QLibraryPrivate::unload succeeded on "D:/dev/odriveCar/debug/imageformats/qicod.dll" 
[20:09:23.644] [WARN ] QLibraryPrivate::unload succeeded on "D:/dev/odriveCar/debug/imageformats/qjpegd.dll" 
[20:09:23.662] [WARN ] QLibraryPrivate::unload succeeded on "D:/dev/odriveCar/debug/imageformats/qsvgd.dll" 
[20:09:23.676] [WARN ] QLibraryPrivate::unload succeeded on "D:/dev/odriveCar/debug/imageformats/qtgad.dll" 
[20:09:23.688] [WARN ] QLibraryPrivate::unload succeeded on "D:/dev/odriveCar/debug/imageformats/qtiffd.dll" 
[20:09:23.700] [WARN ] QLibraryPrivate::unload succeeded on "D:/dev/odriveCar/debug/imageformats/qwbmpd.dll" 
[20:09:23.716] [WARN ] QLibraryPrivate::unload succeeded on "D:/dev/odriveCar/debug/imageformats/qwebpd.dll" 
[20:09:23.730] [WARN ] QLibraryPrivate::unload succeeded on "D:/dev/odriveCar/debug/platforms/qwindowsd.dll" 
